{"C:\\Users\\igor\\Desktop\\OTUS\\FullStackDeveloper\\WorkDir\\JavaScript Pro\\initial\\modules\\getPath.js": {"path":"C:\\Users\\igor\\Desktop\\OTUS\\FullStackDeveloper\\WorkDir\\JavaScript Pro\\initial\\modules\\getPath.js","all":false,"statementMap":{"0":{"start":{"line":1,"column":0},"end":{"line":1,"column":29}},"1":{"start":{"line":2,"column":0},"end":{"line":2,"column":38}},"2":{"start":{"line":3,"column":0},"end":{"line":3,"column":0}},"3":{"start":{"line":4,"column":0},"end":{"line":4,"column":37}},"4":{"start":{"line":5,"column":0},"end":{"line":5,"column":14}},"5":{"start":{"line":6,"column":0},"end":{"line":6,"column":3}},"6":{"start":{"line":7,"column":0},"end":{"line":7,"column":0}},"7":{"start":{"line":8,"column":0},"end":{"line":8,"column":55}},"8":{"start":{"line":9,"column":0},"end":{"line":9,"column":42}},"9":{"start":{"line":10,"column":0},"end":{"line":10,"column":3}},"10":{"start":{"line":11,"column":0},"end":{"line":11,"column":0}},"11":{"start":{"line":12,"column":0},"end":{"line":12,"column":41}},"12":{"start":{"line":13,"column":0},"end":{"line":13,"column":23}},"13":{"start":{"line":14,"column":0},"end":{"line":14,"column":3}},"14":{"start":{"line":15,"column":0},"end":{"line":15,"column":0}},"15":{"start":{"line":16,"column":0},"end":{"line":16,"column":6}},"16":{"start":{"line":17,"column":0},"end":{"line":17,"column":26}},"17":{"start":{"line":18,"column":0},"end":{"line":18,"column":62}},"18":{"start":{"line":19,"column":0},"end":{"line":19,"column":5}},"19":{"start":{"line":20,"column":0},"end":{"line":20,"column":23}},"20":{"start":{"line":21,"column":0},"end":{"line":21,"column":43}},"21":{"start":{"line":22,"column":0},"end":{"line":22,"column":40}},"22":{"start":{"line":23,"column":0},"end":{"line":23,"column":8}},"23":{"start":{"line":24,"column":0},"end":{"line":24,"column":6}},"24":{"start":{"line":25,"column":0},"end":{"line":25,"column":0}},"25":{"start":{"line":26,"column":0},"end":{"line":26,"column":16}},"26":{"start":{"line":27,"column":0},"end":{"line":27,"column":3}},"27":{"start":{"line":28,"column":0},"end":{"line":28,"column":0}},"28":{"start":{"line":29,"column":0},"end":{"line":29,"column":31}},"29":{"start":{"line":30,"column":0},"end":{"line":30,"column":44}},"30":{"start":{"line":31,"column":0},"end":{"line":31,"column":0}},"31":{"start":{"line":32,"column":0},"end":{"line":32,"column":18}},"32":{"start":{"line":33,"column":0},"end":{"line":33,"column":26}},"33":{"start":{"line":34,"column":0},"end":{"line":34,"column":20}},"34":{"start":{"line":35,"column":0},"end":{"line":35,"column":7}},"35":{"start":{"line":36,"column":0},"end":{"line":36,"column":0}},"36":{"start":{"line":37,"column":0},"end":{"line":37,"column":23}},"37":{"start":{"line":38,"column":0},"end":{"line":38,"column":37}},"38":{"start":{"line":39,"column":0},"end":{"line":39,"column":49}},"39":{"start":{"line":40,"column":0},"end":{"line":40,"column":23}},"40":{"start":{"line":41,"column":0},"end":{"line":41,"column":9}},"41":{"start":{"line":42,"column":0},"end":{"line":42,"column":0}},"42":{"start":{"line":43,"column":0},"end":{"line":43,"column":49}},"43":{"start":{"line":44,"column":0},"end":{"line":44,"column":7}},"44":{"start":{"line":45,"column":0},"end":{"line":45,"column":0}},"45":{"start":{"line":46,"column":0},"end":{"line":46,"column":18}},"46":{"start":{"line":47,"column":0},"end":{"line":47,"column":0}},"47":{"start":{"line":48,"column":0},"end":{"line":48,"column":12}},"48":{"start":{"line":49,"column":0},"end":{"line":49,"column":19}},"49":{"start":{"line":50,"column":0},"end":{"line":50,"column":5}},"50":{"start":{"line":51,"column":0},"end":{"line":51,"column":4}},"51":{"start":{"line":52,"column":0},"end":{"line":52,"column":0}},"52":{"start":{"line":53,"column":0},"end":{"line":53,"column":30}},"53":{"start":{"line":54,"column":0},"end":{"line":54,"column":23}},"54":{"start":{"line":55,"column":0},"end":{"line":55,"column":0}},"55":{"start":{"line":56,"column":0},"end":{"line":56,"column":44}},"56":{"start":{"line":57,"column":0},"end":{"line":57,"column":0}},"57":{"start":{"line":58,"column":0},"end":{"line":58,"column":21}},"58":{"start":{"line":59,"column":0},"end":{"line":59,"column":19}},"59":{"start":{"line":60,"column":0},"end":{"line":60,"column":47}},"60":{"start":{"line":61,"column":0},"end":{"line":61,"column":5}},"61":{"start":{"line":62,"column":0},"end":{"line":62,"column":0}},"62":{"start":{"line":63,"column":0},"end":{"line":63,"column":39}},"63":{"start":{"line":64,"column":0},"end":{"line":64,"column":4}},"64":{"start":{"line":65,"column":0},"end":{"line":65,"column":0}},"65":{"start":{"line":66,"column":0},"end":{"line":66,"column":24}},"66":{"start":{"line":67,"column":0},"end":{"line":67,"column":32}},"67":{"start":{"line":68,"column":0},"end":{"line":68,"column":27}},"68":{"start":{"line":69,"column":0},"end":{"line":69,"column":3}},"69":{"start":{"line":70,"column":0},"end":{"line":70,"column":0}},"70":{"start":{"line":71,"column":0},"end":{"line":71,"column":26}},"71":{"start":{"line":72,"column":0},"end":{"line":72,"column":16}},"72":{"start":{"line":73,"column":0},"end":{"line":73,"column":3}},"73":{"start":{"line":74,"column":0},"end":{"line":74,"column":0}},"74":{"start":{"line":75,"column":0},"end":{"line":75,"column":50}},"75":{"start":{"line":76,"column":0},"end":{"line":76,"column":1}}},"s":{"0":1,"1":5,"2":5,"3":5,"4":0,"5":0,"6":5,"7":5,"8":2,"9":2,"10":3,"11":5,"12":1,"13":1,"14":2,"15":2,"16":2,"17":2,"18":5,"19":1,"20":1,"21":1,"22":1,"23":1,"24":1,"25":1,"26":1,"27":1,"28":1,"29":1,"30":1,"31":1,"32":1,"33":0,"34":0,"35":1,"36":1,"37":1,"38":1,"39":0,"40":0,"41":1,"42":1,"43":1,"44":1,"45":1,"46":1,"47":1,"48":0,"49":0,"50":1,"51":1,"52":1,"53":1,"54":1,"55":1,"56":1,"57":1,"58":1,"59":1,"60":1,"61":1,"62":1,"63":1,"64":1,"65":1,"66":1,"67":1,"68":1,"69":1,"70":5,"71":0,"72":0,"73":1,"74":1,"75":1},"branchMap":{"0":{"type":"branch","line":1,"loc":{"start":{"line":1,"column":7},"end":{"line":76,"column":1}},"locations":[{"start":{"line":1,"column":7},"end":{"line":76,"column":1}}]},"1":{"type":"branch","line":4,"loc":{"start":{"line":4,"column":36},"end":{"line":6,"column":3}},"locations":[{"start":{"line":4,"column":36},"end":{"line":6,"column":3}}]},"2":{"type":"branch","line":8,"loc":{"start":{"line":8,"column":27},"end":{"line":8,"column":52}},"locations":[{"start":{"line":8,"column":27},"end":{"line":8,"column":52}}]},"3":{"type":"branch","line":8,"loc":{"start":{"line":8,"column":54},"end":{"line":10,"column":3}},"locations":[{"start":{"line":8,"column":54},"end":{"line":10,"column":3}}]},"4":{"type":"branch","line":10,"loc":{"start":{"line":10,"column":2},"end":{"line":12,"column":15}},"locations":[{"start":{"line":10,"column":2},"end":{"line":12,"column":15}}]},"5":{"type":"branch","line":12,"loc":{"start":{"line":12,"column":11},"end":{"line":12,"column":38}},"locations":[{"start":{"line":12,"column":11},"end":{"line":12,"column":38}}]},"6":{"type":"branch","line":12,"loc":{"start":{"line":12,"column":40},"end":{"line":14,"column":3}},"locations":[{"start":{"line":12,"column":40},"end":{"line":14,"column":3}}]},"7":{"type":"branch","line":14,"loc":{"start":{"line":14,"column":2},"end":{"line":18,"column":62}},"locations":[{"start":{"line":14,"column":2},"end":{"line":18,"column":62}}]},"8":{"type":"branch","line":19,"loc":{"start":{"line":19,"column":4},"end":{"line":71,"column":25}},"locations":[{"start":{"line":19,"column":4},"end":{"line":71,"column":25}}]},"9":{"type":"branch","line":71,"loc":{"start":{"line":71,"column":25},"end":{"line":73,"column":3}},"locations":[{"start":{"line":71,"column":25},"end":{"line":73,"column":3}}]},"10":{"type":"branch","line":73,"loc":{"start":{"line":73,"column":2},"end":{"line":76,"column":1}},"locations":[{"start":{"line":73,"column":2},"end":{"line":76,"column":1}}]},"11":{"type":"branch","line":22,"loc":{"start":{"line":22,"column":6},"end":{"line":22,"column":39}},"locations":[{"start":{"line":22,"column":6},"end":{"line":22,"column":39}}]},"12":{"type":"branch","line":29,"loc":{"start":{"line":29,"column":23},"end":{"line":51,"column":3}},"locations":[{"start":{"line":29,"column":23},"end":{"line":51,"column":3}}]},"13":{"type":"branch","line":33,"loc":{"start":{"line":33,"column":25},"end":{"line":35,"column":7}},"locations":[{"start":{"line":33,"column":25},"end":{"line":35,"column":7}}]},"14":{"type":"branch","line":39,"loc":{"start":{"line":39,"column":48},"end":{"line":41,"column":9}},"locations":[{"start":{"line":39,"column":48},"end":{"line":41,"column":9}}]},"15":{"type":"branch","line":48,"loc":{"start":{"line":48,"column":5},"end":{"line":50,"column":5}},"locations":[{"start":{"line":48,"column":5},"end":{"line":50,"column":5}}]},"16":{"type":"branch","line":53,"loc":{"start":{"line":53,"column":22},"end":{"line":64,"column":3}},"locations":[{"start":{"line":53,"column":22},"end":{"line":64,"column":3}}]}},"b":{"0":[5],"1":[0],"2":[4],"3":[2],"4":[3],"5":[1],"6":[1],"7":[2],"8":[1],"9":[0],"10":[1],"11":[2],"12":[1],"13":[0],"14":[0],"15":[0],"16":[1]},"fnMap":{"0":{"name":"getPath","decl":{"start":{"line":1,"column":7},"end":{"line":76,"column":1}},"loc":{"start":{"line":1,"column":7},"end":{"line":76,"column":1}},"line":1},"1":{"name":"needNthPart","decl":{"start":{"line":29,"column":23},"end":{"line":51,"column":3}},"loc":{"start":{"line":29,"column":23},"end":{"line":51,"column":3}},"line":29},"2":{"name":"getNthPart","decl":{"start":{"line":53,"column":22},"end":{"line":64,"column":3}},"loc":{"start":{"line":53,"column":22},"end":{"line":64,"column":3}},"line":53}},"f":{"0":5,"1":1,"2":1}}
}
