TN:
SF:modules\getPath.js
FN:1,getPath
FN:29,needNthPart
FN:53,getNthPart
FNF:3
FNH:3
FNDA:5,getPath
FNDA:1,needNthPart
FNDA:1,getNthPart
DA:1,1
DA:2,5
DA:3,5
DA:4,5
DA:5,0
DA:6,0
DA:7,5
DA:8,5
DA:9,2
DA:10,2
DA:11,3
DA:12,5
DA:13,1
DA:14,1
DA:15,2
DA:16,2
DA:17,2
DA:18,2
DA:19,5
DA:20,1
DA:21,1
DA:22,1
DA:23,1
DA:24,1
DA:25,1
DA:26,1
DA:27,1
DA:28,1
DA:29,1
DA:30,1
DA:31,1
DA:32,1
DA:33,1
DA:34,0
DA:35,0
DA:36,1
DA:37,1
DA:38,1
DA:39,1
DA:40,0
DA:41,0
DA:42,1
DA:43,1
DA:44,1
DA:45,1
DA:46,1
DA:47,1
DA:48,1
DA:49,0
DA:50,0
DA:51,1
DA:52,1
DA:53,1
DA:54,1
DA:55,1
DA:56,1
DA:57,1
DA:58,1
DA:59,1
DA:60,1
DA:61,1
DA:62,1
DA:63,1
DA:64,1
DA:65,1
DA:66,1
DA:67,1
DA:68,1
DA:69,1
DA:70,1
DA:71,5
DA:72,0
DA:73,0
DA:74,1
DA:75,1
DA:76,1
LF:76
LH:66
BRDA:1,0,0,5
BRDA:4,1,0,0
BRDA:8,2,0,4
BRDA:8,3,0,2
BRDA:10,4,0,3
BRDA:12,5,0,1
BRDA:12,6,0,1
BRDA:14,7,0,2
BRDA:19,8,0,1
BRDA:71,9,0,0
BRDA:73,10,0,1
BRDA:22,11,0,2
BRDA:29,12,0,1
BRDA:33,13,0,0
BRDA:39,14,0,0
BRDA:48,15,0,0
BRDA:53,16,0,1
BRF:17
BRH:12
end_of_record
